


ARM Macro Assembler    Page 1 


    1 00000000                 AREA             RESET, DATA, READONLY
    2 00000000                 EXPORT           __Vectors
    3 00000000         
    4 00000000         __Vectors
    5 00000000 10001000        DCD              0x10001000  ; Top of Stack
    6 00000004 00000000        DCD              Reset_Handler ; Reset Handler
    7 00000008 00000000        DCD              0           ; NMI_Handler
    8 0000000C 00000000        DCD              0           ; HardFault_Handler
                                                            
    9 00000010 00000000        DCD              0           ; Reserved
   10 00000014 00000000        DCD              0           ; Reserved
   11 00000018 00000000        DCD              0           ; Reserved
   12 0000001C 00000000        DCD              0           ; Reserved
   13 00000020 00000000        DCD              0           ; Reserved
   14 00000024 00000000        DCD              0           ; Reserved
   15 00000028 00000000        DCD              0           ; Reserved
   16 0000002C 00000000        DCD              0           ; SVC_Handler
   17 00000030 00000000        DCD              0           ; Reserved
   18 00000034 00000000        DCD              0           ; Reserved
   19 00000038 00000000        DCD              0           ; PendSV_Handler
   20 0000003C 00000000        DCD              0           ; SysTick_Handler
   21 00000040         
   22 00000040         ; External Interrupts
   23 00000040 00000000        DCD              0           ;WAKEUP_IRQHandler 
                                                              ; 16+ 0: Wakeup P
                                                            IO0.0
   24 00000044 00000000        DCD              0           ;WAKEUP_IRQHandler 
                                                              ; 16+ 1: Wakeup P
                                                            IO0.1
   25 00000048 00000000        DCD              0           ;WAKEUP_IRQHandler 
                                                              ; 16+ 2: Wakeup P
                                                            IO0.2
   26 0000004C 00000000        DCD              0           ;WAKEUP_IRQHandler 
                                                              ; 16+ 3: Wakeup P
                                                            IO0.3
   27 00000050 00000000        DCD              0           ;WAKEUP_IRQHandler 
                                                              ; 16+ 4: Wakeup P
                                                            IO0.4
   28 00000054 00000000        DCD              0           ;WAKEUP_IRQHandler 
                                                              ; 16+ 5: Wakeup P
                                                            IO0.5
   29 00000058 00000000        DCD              0           ;WAKEUP_IRQHandler 
                                                              ; 16+ 6: Wakeup P
                                                            IO0.6
   30 0000005C 00000000        DCD              0           ;WAKEUP_IRQHandler 
                                                              ; 16+ 7: Wakeup P
                                                            IO0.7
   31 00000060 00000000        DCD              0           ;WAKEUP_IRQHandler 
                                                              ; 16+ 8: Wakeup P
                                                            IO0.8
   32 00000064 00000000        DCD              0           ;WAKEUP_IRQHandler 
                                                              ; 16+ 9: Wakeup P
                                                            IO0.9
   33 00000068 00000000        DCD              0           ;WAKEUP_IRQHandler 
                                                              ; 16+10: Wakeup P
                                                            IO0.10
   34 0000006C 00000000        DCD              0           ;WAKEUP_IRQHandler 
                                                              ; 16+11: Wakeup P
                                                            IO0.11



ARM Macro Assembler    Page 2 


   35 00000070 00000000        DCD              0           ;WAKEUP_IRQHandler 
                                                              ; 16+12: Wakeup P
                                                            IO1.0
   36 00000074 00000000        DCD              0           ;CAN_IRQHandler   ;
                                                             16+13: CAN
   37 00000078 00000000        DCD              0           ;SSP1_IRQHandler   
                                                            ; 16+14: SSP1
   38 0000007C 00000000        DCD              0           ;I2C_IRQHandler   ;
                                                             16+15: I2C
   39 00000080 00000000        DCD              0           ;TIMER16_0_IRQHandl
                                                            er  ; 16+16: 16-bit
                                                             Counter-Timer 0
   40 00000084 00000000        DCD              0           ;TIMER16_1_IRQHandl
                                                            er  ; 16+17: 16-bit
                                                             Counter-Timer 1
   41 00000088 00000000        DCD              0           ;TIMER32_0_IRQHandl
                                                            er  ; 16+18: 32-bit
                                                             Counter-Timer 0
   42 0000008C 00000000        DCD              0           ;TIMER32_1_IRQHandl
                                                            er  ; 16+19: 32-bit
                                                             Counter-Timer 1
   43 00000090 00000000        DCD              0           ;SSP0_IRQHandler   
                                                            ; 16+20: SSP0
   44 00000094 00000000        DCD              0           ;UART_IRQHandler   
                                                            ; 16+21: UART
   45 00000098 00000000        DCD              0           ;USB_IRQHandler   ;
                                                             16+22: USB IRQ
   46 0000009C 00000000        DCD              0           ;USB_FIQHandler   ;
                                                             16+24: USB FIQ
   47 000000A0 00000000        DCD              0           ;ADC_IRQHandler   ;
                                                             16+24: A/D Convert
                                                            er
   48 000000A4 00000000        DCD              0           ;WDT_IRQHandler   ;
                                                             16+25: Watchdog Ti
                                                            mer
   49 000000A8 00000000        DCD              0           ;BOD_IRQHandler   ;
                                                             16+26: Brown Out D
                                                            etect
   50 000000AC 00000000        DCD              0           ;FMC_IRQHandler   ;
                                                             16+27: IP2111 Flas
                                                            h Memory Controller
                                                            
   51 000000B0 00000000        DCD              0           ;PIOINT3_IRQHandler
                                                              ; 16+28: PIO INT3
                                                            
   52 000000B4 00000000        DCD              0           ;PIOINT2_IRQHandler
                                                              ; 16+29: PIO INT2
                                                            
   53 000000B8 00000000        DCD              0           ;PIOINT1_IRQHandler
                                                              ; 16+30: PIO INT1
                                                            
   54 000000BC 00000000        DCD              0           ;PIOINT0_IRQHandler
                                                              ; 16+31: PIO INT0
                                                            
   55 000000C0         
   56 000000C0                 AREA             |.text|, CODE, READONLY
   57 00000000         
   58 00000000         Reset_Handler
                               PROC



ARM Macro Assembler    Page 3 


   59 00000000                 EXPORT           Reset_Handler
   60 00000000                 IMPORT           boot
   61 00000000 4803            LDR              R0, =boot
   62 00000002 4780            BLX              R0
   63 00000004 E7FE            b                .
   64 00000006                 ENDP
   65 00000006         
   66 00000006 00 00           ALIGN
   67 00000008         
   68 00000008         func2int
                               PROC
   69 00000008                 EXPORT           func2int
   70 00000008 4770            BX               LR
   71 0000000A                 ENDP
   72 0000000A         
   73 0000000A 00 00           ALIGN
   74 0000000C         
   75 0000000C         execute PROC
   76 0000000C                 EXPORT           execute
   77 0000000C 4708            BX               R1
   78 0000000E                 ENDP
   79 0000000E         
   80 0000000E 00 00           ALIGN
   81 00000010         
   82 00000010                 END
              00000000 
Command Line: --debug --xref --diag_suppress=9931 --cpu=Cortex-M0 --apcs=interw
ork --depend=.\objects\boot.d -o.\objects\boot.o -I"F:\Project Folder\GP 0_6\RT
E" -IC:\Keil_v5\ARM\PACK\Keil\LPC1100_DFP\1.3.0\Device\Include\LPC11xx -IC:\Kei
l_v5\ARM\CMSIS\Include --predefine="__EVAL SETA 1" --predefine="__UVISION_VERSI
ON SETA 514" --list=.\listings\boot.lst os\hardware\lpc1114\boot.s



ARM Macro Assembler    Page 1 Alphabetic symbol ordering
Relocatable symbols

RESET 00000000

Symbol: RESET
   Definitions
      At line 1 in file os\hardware\lpc1114\boot.s
   Uses
      None
Comment: RESET unused
__Vectors 00000000

Symbol: __Vectors
   Definitions
      At line 4 in file os\hardware\lpc1114\boot.s
   Uses
      At line 2 in file os\hardware\lpc1114\boot.s
Comment: __Vectors used once
2 symbols



ARM Macro Assembler    Page 1 Alphabetic symbol ordering
Relocatable symbols

.text 00000000

Symbol: .text
   Definitions
      At line 56 in file os\hardware\lpc1114\boot.s
   Uses
      None
Comment: .text unused
Reset_Handler 00000000

Symbol: Reset_Handler
   Definitions
      At line 58 in file os\hardware\lpc1114\boot.s
   Uses
      At line 6 in file os\hardware\lpc1114\boot.s
      At line 59 in file os\hardware\lpc1114\boot.s

execute 0000000C

Symbol: execute
   Definitions
      At line 75 in file os\hardware\lpc1114\boot.s
   Uses
      At line 76 in file os\hardware\lpc1114\boot.s
Comment: execute used once
func2int 00000008

Symbol: func2int
   Definitions
      At line 68 in file os\hardware\lpc1114\boot.s
   Uses
      At line 69 in file os\hardware\lpc1114\boot.s
Comment: func2int used once
4 symbols



ARM Macro Assembler    Page 1 Alphabetic symbol ordering
External symbols

boot 00000000

Symbol: boot
   Definitions
      At line 60 in file os\hardware\lpc1114\boot.s
   Uses
      At line 61 in file os\hardware\lpc1114\boot.s
Comment: boot used once
1 symbol
341 symbols in table
